<?xml version="1.0" encoding="UTF-8"?>
<!-- Generated by org.testng.reporters.JUnitReportReporter -->
<testsuite hostname="DESKTOP-51JIPKB" failures="0" tests="1" name="com.inetbanking.testCases.TC_LoginTest_001" time="6.265" errors="0" timestamp="2023-11-18T14:54:32 EST" skipped="0">
  <testcase classname="com.inetbanking.testCases.TC_LoginTest_001" name="loginTest" time="6.265"/>
</testsuite> <!-- com.inetbanking.testCases.TC_LoginTest_001 -->
