<?xml version="1.0" encoding="UTF-8"?>
<!-- Generated by org.testng.reporters.JUnitReportReporter -->
<testsuite hostname="LAPTOP-0PAA5I9T" failures="0" tests="1" name="com.inetbanking.testCases.TC_AddCustomerTest_003" time="25.964" errors="0" timestamp="2023-11-16T12:03:44 EST" skipped="0">
  <testcase classname="com.inetbanking.testCases.TC_AddCustomerTest_003" name="addNewCustomer" time="25.964"/>
</testsuite> <!-- com.inetbanking.testCases.TC_AddCustomerTest_003 -->
