<?xml version="1.0" encoding="UTF-8"?>
<!-- Generated by org.testng.reporters.JUnitReportReporter -->
<testsuite hostname="LAPTOP-0PAA5I9T" failures="0" tests="1" name="com.inetbanking.testCases.TC_LoginTest_001" time="2.403" errors="0" timestamp="2023-11-14T14:19:46 EST" skipped="0">
  <testcase classname="com.inetbanking.testCases.TC_LoginTest_001" name="loginTest" time="2.403"/>
</testsuite> <!-- com.inetbanking.testCases.TC_LoginTest_001 -->
