<?xml version="1.0" encoding="UTF-8"?>
<!-- Generated by org.testng.reporters.JUnitReportReporter -->
<testsuite hostname="DESKTOP-51JIPKB" failures="0" tests="1" name="com.inetbanking.testCases.TC_AddCustomerTest_003" time="15.259" errors="0" timestamp="2023-11-20T02:47:45 EST" skipped="0">
  <testcase classname="com.inetbanking.testCases.TC_AddCustomerTest_003" name="addNewCustomer" time="15.259"/>
</testsuite> <!-- com.inetbanking.testCases.TC_AddCustomerTest_003 -->
