<?xml version="1.0" encoding="UTF-8"?>
<!-- Generated by org.testng.reporters.JUnitReportReporter -->
<testsuite hostname="DESKTOP-51JIPKB" failures="0" tests="1" name="com.inetbanking.testCases.TC_AddCustomerTest_003" time="16.008" errors="0" timestamp="2023-11-22T12:30:02 EST" skipped="0">
  <testcase classname="com.inetbanking.testCases.TC_AddCustomerTest_003" name="addNewCustomer" time="16.008"/>
</testsuite> <!-- com.inetbanking.testCases.TC_AddCustomerTest_003 -->
