<?xml version="1.0" encoding="UTF-8"?>
<!-- Generated by org.testng.reporters.JUnitReportReporter -->
<testsuite hostname="DESKTOP-51JIPKB" failures="0" tests="1" name="com.inetbanking.testCases.TC_LoginTest_001" time="5.081" errors="0" timestamp="2023-11-17T08:17:48 EST" skipped="0">
  <testcase classname="com.inetbanking.testCases.TC_LoginTest_001" name="loginTest" time="5.081"/>
</testsuite> <!-- com.inetbanking.testCases.TC_LoginTest_001 -->
